<?xml version="1.0" encoding="UTF-8"?>
<!-- Generated by org.testng.reporters.JUnitReportReporter -->
<testsuite skipped="0" hostname="ASHISH" name="group.Group" tests="2" failures="0" timestamp="19 Aug 2018 15:29:24 GMT" time="0.014" errors="0">
  <testcase name="tc_4" time="0.003" classname="group.Group"/>
  <testcase name="tc_3" time="0.011" classname="group.Group"/>
</testsuite> <!-- group.Group -->
